#
# An unexpected error has been detected by Java Runtime Environment:
#
#  EXCEPTION_ACCESS_VIOLATION (0xc0000005) at pc=0x6d982db8, pid=5184, tid=2352
#
# Java VM: Java HotSpot(TM) Client VM (11.2-b01 mixed mode, sharing windows-x86)
# Problematic frame:
# V  [jvm.dll+0xd2db8]
#
# If you would like to submit a bug report, please visit:
#   http://java.sun.com/webapps/bugreport/crash.jsp
#

---------------  T H R E A D  ---------------

Current thread (0x03af9000):  JavaThread "Java2D Disposer" daemon [_thread_in_vm, id=2352, stack(0x03bc0000,0x03c10000)]

siginfo: ExceptionCode=0xc0000005, reading address 0x00000000

Registers:
EAX=0x00000000, EBX=0x00000000, ECX=0x03c0fa84, EDX=0x03c0fae9
ESP=0x03c0fa30, EBP=0x0165ea68, ESI=0x03af9000, EDI=0x03af48f8
EIP=0x6d982db8, EFLAGS=0x00010203

Top of Stack: (sp=0x03c0fa30)
0x03c0fa30:   016594d4 03c0fbe8 03af9114 03af9000
0x03c0fa40:   00000000 00000003 2c7decf0 0165da28
0x03c0fa50:   0165da30 0165de1c 0165ea74 239e0030
0x03c0fa60:   00000016 03af9000 77195e6c 7550179c
0x03c0fa70:   0000023c 00000000 755017c4 d60b6e15
0x03c0fa80:   01663e20 0165ea68 01663e00 00000024
0x03c0fa90:   00000001 00000000 00000000 00000000
0x03c0faa0:   00000000 00000000 00000000 00000000 

Instructions: (pc=0x6d982db8)
0x6d982da8:   8c 24 c4 00 00 00 89 2c 81 ff 84 24 d0 00 00 00
0x6d982db8:   8b 03 8b 50 08 0f b7 4a 26 8b 50 0c 8b 44 8a 1c 


Stack: [0x03bc0000,0x03c10000],  sp=0x03c0fa30,  free space=318k
Native frames: (J=compiled Java code, j=interpreted, Vv=VM code, C=native code)
V  [jvm.dll+0xd2db8]

Java frames: (J=compiled Java code, j=interpreted, Vv=VM code)
j  java.awt.Cursor.finalizeImpl(J)V+0
j  java.awt.Cursor.access$000(J)V+1
j  java.awt.Cursor$CursorDisposer.dispose()V+13
j  sun.java2d.Disposer.run()V+26
j  java.lang.Thread.run()V+11
v  ~StubRoutines::call_stub

---------------  P R O C E S S  ---------------

Java Threads: ( => current thread )
  0x04a54000 JavaThread "Thread-1" daemon [_thread_in_native, id=3372, stack(0x05990000,0x059e0000)]
  0x04858000 JavaThread "TimerQueue" daemon [_thread_blocked, id=5056, stack(0x058d0000,0x05920000)]
  0x009d9400 JavaThread "DestroyJavaVM" [_thread_blocked, id=3844, stack(0x00160000,0x001b0000)]
  0x03baec00 JavaThread "AWT-EventQueue-0" [_thread_blocked, id=3288, stack(0x04c40000,0x04c90000)]
  0x03afb400 JavaThread "AWT-Shutdown" [_thread_blocked, id=2888, stack(0x03e40000,0x03e90000)]
=>0x03af9000 JavaThread "Java2D Disposer" daemon [_thread_in_vm, id=2352, stack(0x03bc0000,0x03c10000)]
  0x01666400 JavaThread "Low Memory Detector" daemon [_thread_blocked, id=1148, stack(0x03910000,0x03960000)]
  0x01664c00 JavaThread "CompilerThread0" daemon [_thread_blocked, id=4236, stack(0x038c0000,0x03910000)]
  0x01664400 JavaThread "Attach Listener" daemon [_thread_blocked, id=2740, stack(0x03870000,0x038c0000)]
  0x01659800 JavaThread "Signal Dispatcher" daemon [_thread_blocked, id=2368, stack(0x03820000,0x03870000)]
  0x01615800 JavaThread "Finalizer" daemon [_thread_blocked, id=1396, stack(0x037d0000,0x03820000)]
  0x01614400 JavaThread "Reference Handler" daemon [_thread_blocked, id=2628, stack(0x03780000,0x037d0000)]

Other Threads:
  0x01612800 VMThread [stack: 0x03730000,0x03780000] [id=4616]
  0x01678400 WatcherThread [stack: 0x03960000,0x039b0000] [id=808]

VM state:not at safepoint (normal execution)

VM Mutex/Monitor currently owned by a thread: None

Heap
 def new generation   total 1216K, used 21K [0x239e0000, 0x23b30000, 0x23ec0000)
  eden space 1088K,   2% used [0x239e0000, 0x239e5798, 0x23af0000)
  from space 128K,   0% used [0x23af0000, 0x23af0000, 0x23b10000)
  to   space 128K,   0% used [0x23b10000, 0x23b10000, 0x23b30000)
 tenured generation   total 15656K, used 9392K [0x23ec0000, 0x24e0a000, 0x279e0000)
   the space 15656K,  59% used [0x23ec0000, 0x247ec0d0, 0x247ec200, 0x24e0a000)
 compacting perm gen  total 12288K, used 4479K [0x279e0000, 0x285e0000, 0x2b9e0000)
   the space 12288K,  36% used [0x279e0000, 0x27e3fe40, 0x27e40000, 0x285e0000)
    ro space 8192K,  67% used [0x2b9e0000, 0x2bf47448, 0x2bf47600, 0x2c1e0000)
    rw space 12288K,  53% used [0x2c1e0000, 0x2c854d58, 0x2c854e00, 0x2cde0000)

Dynamic libraries:
0x00400000 - 0x00424000 	C:\Program Files\Java\jdk1.6.0_12\bin\java.exe
0x77150000 - 0x7728c000 	C:\Windows\SYSTEM32\ntdll.dll
0x769f0000 - 0x76ac4000 	C:\Windows\system32\kernel32.dll
0x75500000 - 0x7554a000 	C:\Windows\system32\KERNELBASE.dll
0x76ad0000 - 0x76b70000 	C:\Windows\system32\ADVAPI32.dll
0x76e30000 - 0x76edc000 	C:\Windows\system32\msvcrt.dll
0x76730000 - 0x76749000 	C:\Windows\SYSTEM32\sechost.dll
0x765f0000 - 0x76691000 	C:\Windows\system32\RPCRT4.dll
0x7c340000 - 0x7c396000 	C:\Program Files\Java\jdk1.6.0_12\jre\bin\msvcr71.dll
0x6d8b0000 - 0x6db06000 	C:\Program Files\Java\jdk1.6.0_12\jre\bin\client\jvm.dll
0x76ee0000 - 0x76fa9000 	C:\Windows\system32\USER32.dll
0x76910000 - 0x7695e000 	C:\Windows\system32\GDI32.dll
0x75830000 - 0x7583a000 	C:\Windows\system32\LPK.dll
0x772d0000 - 0x7736d000 	C:\Windows\system32\USP10.dll
0x73570000 - 0x735a2000 	C:\Windows\system32\WINMM.dll
0x772a0000 - 0x772bf000 	C:\Windows\system32\IMM32.DLL
0x76c70000 - 0x76d3c000 	C:\Windows\system32\MSCTF.dll
0x751d0000 - 0x7521b000 	C:\Windows\system32\apphelp.dll
0x6d340000 - 0x6d348000 	C:\Program Files\Java\jdk1.6.0_12\jre\bin\hpi.dll
0x772c0000 - 0x772c5000 	C:\Windows\system32\PSAPI.DLL
0x6d860000 - 0x6d86c000 	C:\Program Files\Java\jdk1.6.0_12\jre\bin\verify.dll
0x6d3e0000 - 0x6d3ff000 	C:\Program Files\Java\jdk1.6.0_12\jre\bin\java.dll
0x6d8a0000 - 0x6d8af000 	C:\Program Files\Java\jdk1.6.0_12\jre\bin\zip.dll
0x6d0b0000 - 0x6d1fa000 	C:\Program Files\Java\jdk1.6.0_12\jre\bin\awt.dll
0x70630000 - 0x70681000 	C:\Windows\system32\WINSPOOL.DRV
0x75840000 - 0x7599c000 	C:\Windows\system32\ole32.dll
0x74200000 - 0x7439e000 	C:\Windows\WinSxS\x86_microsoft.windows.common-controls_6595b64144ccf1df_6.0.7600.16661_none_420fe3fa2b8113bd\comctl32.dll
0x76dd0000 - 0x76e27000 	C:\Windows\system32\SHLWAPI.dll
0x73c10000 - 0x73c23000 	C:\Windows\system32\DWMAPI.DLL
0x74080000 - 0x740c0000 	C:\Windows\system32\uxtheme.dll
0x75220000 - 0x7522c000 	C:\Windows\system32\CRYPTBASE.dll
0x759a0000 - 0x765e9000 	C:\Windows\system32\shell32.dll
0x6d2e0000 - 0x6d334000 	C:\Program Files\Java\jdk1.6.0_12\jre\bin\fontmanager.dll
0x6d6c0000 - 0x6d6d3000 	C:\Program Files\Java\jdk1.6.0_12\jre\bin\net.dll
0x755a0000 - 0x755d5000 	C:\Windows\system32\WS2_32.dll
0x77370000 - 0x77376000 	C:\Windows\system32\NSI.dll
0x74d10000 - 0x74d4c000 	C:\Windows\system32\mswsock.dll
0x74d00000 - 0x74d06000 	C:\Windows\System32\wship6.dll
0x6d6e0000 - 0x6d6e9000 	C:\Program Files\Java\jdk1.6.0_12\jre\bin\nio.dll
0x76960000 - 0x769ef000 	C:\Windows\system32\OLEAUT32.DLL
0x74830000 - 0x74835000 	C:\Windows\System32\wshtcpip.dll
0x74ba0000 - 0x74be4000 	C:\Windows\system32\DNSAPI.dll
0x731f0000 - 0x7320c000 	C:\Windows\system32\IPHLPAPI.DLL
0x731e0000 - 0x731e7000 	C:\Windows\system32\WINNSI.DLL
0x705a0000 - 0x705a6000 	C:\Windows\system32\rasadhlp.dll
0x730b0000 - 0x730e8000 	C:\Windows\System32\fwpuclnt.dll
0x6d500000 - 0x6d524000 	C:\Program Files\Java\jdk1.6.0_12\jre\bin\jpeg.dll
0x74d50000 - 0x74d66000 	C:\Windows\system32\CRYPTSP.dll
0x74ac0000 - 0x74afb000 	C:\Windows\system32\rsaenh.dll
0x74900000 - 0x74917000 	C:\Windows\system32\USERENV.dll
0x752a0000 - 0x752ab000 	C:\Windows\system32\profapi.dll
0x73710000 - 0x73720000 	C:\Windows\system32\NLAapi.dll
0x705e0000 - 0x705e8000 	C:\Windows\System32\winrnr.dll
0x705d0000 - 0x705e0000 	C:\Windows\system32\napinsp.dll
0x705b0000 - 0x705c2000 	C:\Windows\system32\pnrpnsp.dll
0x6d250000 - 0x6d273000 	C:\Program Files\Java\jdk1.6.0_12\jre\bin\dcpr.dll
0x75290000 - 0x7529e000 	C:\Windows\system32\RpcRtRemote.dll

VM Arguments:
jvm_args: -Dfile.encoding=UTF-8 
java_command: retail.Main
Launcher Type: SUN_STANDARD

Environment Variables:
CLASSPATH=.;C:\Program Files\Java\jre6\lib\ext\QTJava.zip
PATH=C:\Windows\system32;C:\Windows;C:\Windows\System32\Wbem;C:\Windows\System32\WindowsPowerShell\v1.0\;C:\Program Files\Common Files\Adobe\AGL;C:\Program Files\QuickTime\QTSystem\;C:\Program Files\Common Files\Autodesk Shared\;C:\Program Files\backburner 2\
USERNAME=cak-ust
OS=Windows_NT
PROCESSOR_IDENTIFIER=x86 Family 6 Model 14 Stepping 12, GenuineIntel



---------------  S Y S T E M  ---------------

OS: Windows NT 6.1 Build 7600 

CPU:total 2 (2 cores per cpu, 1 threads per core) family 6 model 14 stepping 12, cmov, cx8, fxsr, mmx, sse, sse2, sse3

Memory: 4k page, physical 1038456k(60176k free), swap 2087032k(655332k free)

vm_info: Java HotSpot(TM) Client VM (11.2-b01) for windows-x86 JRE (1.6.0_12-b04), built on Jan 17 2009 09:57:14 by "java_re" with MS VC++ 7.1

time: Fri Jan 14 05:37:08 2011
elapsed time: 29 seconds

